[2022-09-20 14:42:38] local.ERROR: file_put_contents(C:\Users\x\Desktop\Folders\AkilliPhone\akillipanel\storage\framework/sessions/fxuKtPQGgjrasbAPPKnUkccormT3EnFkHsY8vk6J): Failed to open stream: No such file or directory {"exception":"[object] (ErrorException(code: 0): file_put_contents(C:\\Users\\x\\Desktop\\Folders\\AkilliPhone\\akillipanel\\storage\\framework/sessions/fxuKtPQGgjrasbAPPKnUkccormT3EnFkHsY8vk6J): Failed to open stream: No such file or directory at C:\\Users\\x\\Desktop\\Folders\\AkilliPhone\\akillipanel\\vendor\\laravel\\framework\\src\\Illuminate\\Filesystem\\Filesystem.php:190)
[stacktrace]
#0 C:\\Users\\x\\Desktop\\Folders\\AkilliPhone\\akillipanel\\vendor\\laravel\\framework\\src\\Illuminate\\Foundation\\Bootstrap\\HandleExceptions.php(259): Illuminate\\Foundation\\Bootstrap\\HandleExceptions->handleError()
#1 [internal function]: Illuminate\\Foundation\\Bootstrap\\HandleExceptions->Illuminate\\Foundation\\Bootstrap\\{closure}()
#2 C:\\Users\\x\\Desktop\\Folders\\AkilliPhone\\akillipanel\\vendor\\laravel\\framework\\src\\Illuminate\\Filesystem\\Filesystem.php(190): file_put_contents()
#3 C:\\Users\\x\\Desktop\\Folders\\AkilliPhone\\akillipanel\\vendor\\laravel\\framework\\src\\Illuminate\\Session\\FileSessionHandler.php(90): Illuminate\\Filesystem\\Filesystem->put()
#4 C:\\Users\\x\\Desktop\\Folders\\AkilliPhone\\akillipanel\\vendor\\laravel\\framework\\src\\Illuminate\\Session\\Store.php(170): Illuminate\\Session\\FileSessionHandler->write()
#5 C:\\Users\\x\\Desktop\\Folders\\AkilliPhone\\akillipanel\\vendor\\laravel\\framework\\src\\Illuminate\\Session\\Middleware\\StartSession.php(236): Illuminate\\Session\\Store->save()
#6 C:\\Users\\x\\Desktop\\Folders\\AkilliPhone\\akillipanel\\vendor\\laravel\\framework\\src\\Illuminate\\Session\\Middleware\\StartSession.php(130): Illuminate\\Session\\Middleware\\StartSession->saveSession()
#7 C:\\Users\\x\\Desktop\\Folders\\AkilliPhone\\akillipanel\\vendor\\laravel\\framework\\src\\Illuminate\\Session\\Middleware\\StartSession.php(64): Illuminate\\Session\\Middleware\\StartSession->handleStatefulRequest()
#8 C:\\Users\\x\\Desktop\\Folders\\AkilliPhone\\akillipanel\\vendor\\laravel\\framework\\src\\Illuminate\\Pipeline\\Pipeline.php(180): Illuminate\\Session\\Middleware\\StartSession->handle()
#9 C:\\Users\\x\\Desktop\\Folders\\AkilliPhone\\akillipanel\\vendor\\laravel\\framework\\src\\Illuminate\\Cookie\\Middleware\\AddQueuedCookiesToResponse.php(37): Illuminate\\Pipeline\\Pipeline->Illuminate\\Pipeline\\{closure}()
#10 C:\\Users\\x\\Desktop\\Folders\\AkilliPhone\\akillipanel\\vendor\\laravel\\framework\\src\\Illuminate\\Pipeline\\Pipeline.php(180): Illuminate\\Cookie\\Middleware\\AddQueuedCookiesToResponse->handle()
#11 C:\\Users\\x\\Desktop\\Folders\\AkilliPhone\\akillipanel\\vendor\\laravel\\framework\\src\\Illuminate\\Cookie\\Middleware\\EncryptCookies.php(67): Illuminate\\Pipeline\\Pipeline->Illuminate\\Pipeline\\{closure}()
#12 C:\\Users\\x\\Desktop\\Folders\\AkilliPhone\\akillipanel\\vendor\\laravel\\framework\\src\\Illuminate\\Pipeline\\Pipeline.php(180): Illuminate\\Cookie\\Middleware\\EncryptCookies->handle()
#13 C:\\Users\\x\\Desktop\\Folders\\AkilliPhone\\akillipanel\\vendor\\laravel\\framework\\src\\Illuminate\\Pipeline\\Pipeline.php(116): Illuminate\\Pipeline\\Pipeline->Illuminate\\Pipeline\\{closure}()
#14 C:\\Users\\x\\Desktop\\Folders\\AkilliPhone\\akillipanel\\vendor\\laravel\\framework\\src\\Illuminate\\Routing\\Router.php(726): Illuminate\\Pipeline\\Pipeline->then()
#15 C:\\Users\\x\\Desktop\\Folders\\AkilliPhone\\akillipanel\\vendor\\laravel\\framework\\src\\Illuminate\\Routing\\Router.php(703): Illuminate\\Routing\\Router->runRouteWithinStack()
#16 C:\\Users\\x\\Desktop\\Folders\\AkilliPhone\\akillipanel\\vendor\\laravel\\framework\\src\\Illuminate\\Routing\\Router.php(667): Illuminate\\Routing\\Router->runRoute()
#17 C:\\Users\\x\\Desktop\\Folders\\AkilliPhone\\akillipanel\\vendor\\laravel\\framework\\src\\Illuminate\\Routing\\Router.php(656): Illuminate\\Routing\\Router->dispatchToRoute()
#18 C:\\Users\\x\\Desktop\\Folders\\AkilliPhone\\akillipanel\\vendor\\laravel\\framework\\src\\Illuminate\\Foundation\\Http\\Kernel.php(167): Illuminate\\Routing\\Router->dispatch()
#19 C:\\Users\\x\\Desktop\\Folders\\AkilliPhone\\akillipanel\\vendor\\laravel\\framework\\src\\Illuminate\\Pipeline\\Pipeline.php(141): Illuminate\\Foundation\\Http\\Kernel->Illuminate\\Foundation\\Http\\{closure}()
#20 C:\\Users\\x\\Desktop\\Folders\\AkilliPhone\\akillipanel\\vendor\\barryvdh\\laravel-debugbar\\src\\Middleware\\InjectDebugbar.php(66): Illuminate\\Pipeline\\Pipeline->Illuminate\\Pipeline\\{closure}()
#21 C:\\Users\\x\\Desktop\\Folders\\AkilliPhone\\akillipanel\\vendor\\laravel\\framework\\src\\Illuminate\\Pipeline\\Pipeline.php(180): Barryvdh\\Debugbar\\Middleware\\InjectDebugbar->handle()
#22 C:\\Users\\x\\Desktop\\Folders\\AkilliPhone\\akillipanel\\vendor\\laravel\\framework\\src\\Illuminate\\Foundation\\Http\\Middleware\\TransformsRequest.php(21): Illuminate\\Pipeline\\Pipeline->Illuminate\\Pipeline\\{closure}()
#23 C:\\Users\\x\\Desktop\\Folders\\AkilliPhone\\akillipanel\\vendor\\laravel\\framework\\src\\Illuminate\\Foundation\\Http\\Middleware\\ConvertEmptyStringsToNull.php(31): Illuminate\\Foundation\\Http\\Middleware\\TransformsRequest->handle()
#24 C:\\Users\\x\\Desktop\\Folders\\AkilliPhone\\akillipanel\\vendor\\laravel\\framework\\src\\Illuminate\\Pipeline\\Pipeline.php(180): Illuminate\\Foundation\\Http\\Middleware\\ConvertEmptyStringsToNull->handle()
#25 C:\\Users\\x\\Desktop\\Folders\\AkilliPhone\\akillipanel\\vendor\\laravel\\framework\\src\\Illuminate\\Foundation\\Http\\Middleware\\TransformsRequest.php(21): Illuminate\\Pipeline\\Pipeline->Illuminate\\Pipeline\\{closure}()
#26 C:\\Users\\x\\Desktop\\Folders\\AkilliPhone\\akillipanel\\vendor\\laravel\\framework\\src\\Illuminate\\Foundation\\Http\\Middleware\\TrimStrings.php(40): Illuminate\\Foundation\\Http\\Middleware\\TransformsRequest->handle()
#27 C:\\Users\\x\\Desktop\\Folders\\AkilliPhone\\akillipanel\\vendor\\laravel\\framework\\src\\Illuminate\\Pipeline\\Pipeline.php(180): Illuminate\\Foundation\\Http\\Middleware\\TrimStrings->handle()
#28 C:\\Users\\x\\Desktop\\Folders\\AkilliPhone\\akillipanel\\vendor\\laravel\\framework\\src\\Illuminate\\Foundation\\Http\\Middleware\\ValidatePostSize.php(27): Illuminate\\Pipeline\\Pipeline->Illuminate\\Pipeline\\{closure}()
#29 C:\\Users\\x\\Desktop\\Folders\\AkilliPhone\\akillipanel\\vendor\\laravel\\framework\\src\\Illuminate\\Pipeline\\Pipeline.php(180): Illuminate\\Foundation\\Http\\Middleware\\ValidatePostSize->handle()
#30 C:\\Users\\x\\Desktop\\Folders\\AkilliPhone\\akillipanel\\vendor\\laravel\\framework\\src\\Illuminate\\Foundation\\Http\\Middleware\\PreventRequestsDuringMaintenance.php(86): Illuminate\\Pipeline\\Pipeline->Illuminate\\Pipeline\\{closure}()
#31 C:\\Users\\x\\Desktop\\Folders\\AkilliPhone\\akillipanel\\vendor\\laravel\\framework\\src\\Illuminate\\Pipeline\\Pipeline.php(180): Illuminate\\Foundation\\Http\\Middleware\\PreventRequestsDuringMaintenance->handle()
#32 C:\\Users\\x\\Desktop\\Folders\\AkilliPhone\\akillipanel\\vendor\\laravel\\framework\\src\\Illuminate\\Http\\Middleware\\HandleCors.php(49): Illuminate\\Pipeline\\Pipeline->Illuminate\\Pipeline\\{closure}()
#33 C:\\Users\\x\\Desktop\\Folders\\AkilliPhone\\akillipanel\\vendor\\laravel\\framework\\src\\Illuminate\\Pipeline\\Pipeline.php(180): Illuminate\\Http\\Middleware\\HandleCors->handle()
#34 C:\\Users\\x\\Desktop\\Folders\\AkilliPhone\\akillipanel\\vendor\\laravel\\framework\\src\\Illuminate\\Http\\Middleware\\TrustProxies.php(39): Illuminate\\Pipeline\\Pipeline->Illuminate\\Pipeline\\{closure}()
#35 C:\\Users\\x\\Desktop\\Folders\\AkilliPhone\\akillipanel\\vendor\\laravel\\framework\\src\\Illuminate\\Pipeline\\Pipeline.php(180): Illuminate\\Http\\Middleware\\TrustProxies->handle()
#36 C:\\Users\\x\\Desktop\\Folders\\AkilliPhone\\akillipanel\\vendor\\laravel\\framework\\src\\Illuminate\\Pipeline\\Pipeline.php(116): Illuminate\\Pipeline\\Pipeline->Illuminate\\Pipeline\\{closure}()
#37 C:\\Users\\x\\Desktop\\Folders\\AkilliPhone\\akillipanel\\vendor\\laravel\\framework\\src\\Illuminate\\Foundation\\Http\\Kernel.php(142): Illuminate\\Pipeline\\Pipeline->then()
#38 C:\\Users\\x\\Desktop\\Folders\\AkilliPhone\\akillipanel\\vendor\\laravel\\framework\\src\\Illuminate\\Foundation\\Http\\Kernel.php(111): Illuminate\\Foundation\\Http\\Kernel->sendRequestThroughRouter()
#39 C:\\Users\\x\\Desktop\\Folders\\AkilliPhone\\akillipanel\\public\\index.php(52): Illuminate\\Foundation\\Http\\Kernel->handle()
#40 C:\\Users\\x\\Desktop\\Folders\\AkilliPhone\\akillipanel\\vendor\\laravel\\framework\\src\\Illuminate\\Foundation\\resources\\server.php(16): require_once('...')
#41 {main}
"} 
[2022-09-20 14:42:38] local.ERROR: SQLSTATE[42S02]: Base table or view not found: 1146 Table 'new_dashboard.telescope_entries' doesn't exist (SQL: select count(*) as aggregate from `telescope_entries` where `type` = exception and `family_hash` = 1a80128abed2d1c52d11d414e18367d9) {"exception":"[object] (Illuminate\\Database\\QueryException(code: 42S02): SQLSTATE[42S02]: Base table or view not found: 1146 Table 'new_dashboard.telescope_entries' doesn't exist (SQL: select count(*) as aggregate from `telescope_entries` where `type` = exception and `family_hash` = 1a80128abed2d1c52d11d414e18367d9) at C:\\Users\\x\\Desktop\\Folders\\AkilliPhone\\akillipanel\\vendor\\laravel\\framework\\src\\Illuminate\\Database\\Connection.php:759)
[stacktrace]
#0 C:\\Users\\x\\Desktop\\Folders\\AkilliPhone\\akillipanel\\vendor\\laravel\\framework\\src\\Illuminate\\Database\\Connection.php(719): Illuminate\\Database\\Connection->runQueryCallback()
#1 C:\\Users\\x\\Desktop\\Folders\\AkilliPhone\\akillipanel\\vendor\\laravel\\framework\\src\\Illuminate\\Database\\Connection.php(421): Illuminate\\Database\\Connection->run()
#2 C:\\Users\\x\\Desktop\\Folders\\AkilliPhone\\akillipanel\\vendor\\laravel\\framework\\src\\Illuminate\\Database\\Query\\Builder.php(2630): Illuminate\\Database\\Connection->select()
#3 C:\\Users\\x\\Desktop\\Folders\\AkilliPhone\\akillipanel\\vendor\\laravel\\framework\\src\\Illuminate\\Database\\Query\\Builder.php(2618): Illuminate\\Database\\Query\\Builder->runSelect()
#4 C:\\Users\\x\\Desktop\\Folders\\AkilliPhone\\akillipanel\\vendor\\laravel\\framework\\src\\Illuminate\\Database\\Query\\Builder.php(3154): Illuminate\\Database\\Query\\Builder->Illuminate\\Database\\Query\\{closure}()
#5 C:\\Users\\x\\Desktop\\Folders\\AkilliPhone\\akillipanel\\vendor\\laravel\\framework\\src\\Illuminate\\Database\\Query\\Builder.php(2619): Illuminate\\Database\\Query\\Builder->onceWithColumns()
#6 C:\\Users\\x\\Desktop\\Folders\\AkilliPhone\\akillipanel\\vendor\\laravel\\framework\\src\\Illuminate\\Database\\Query\\Builder.php(3081): Illuminate\\Database\\Query\\Builder->get()
#7 C:\\Users\\x\\Desktop\\Folders\\AkilliPhone\\akillipanel\\vendor\\laravel\\framework\\src\\Illuminate\\Database\\Query\\Builder.php(3009): Illuminate\\Database\\Query\\Builder->aggregate()
#8 C:\\Users\\x\\Desktop\\Folders\\AkilliPhone\\akillipanel\\vendor\\laravel\\telescope\\src\\Storage\\DatabaseEntriesRepository.php(122): Illuminate\\Database\\Query\\Builder->count()
#9 C:\\Users\\x\\Desktop\\Folders\\AkilliPhone\\akillipanel\\vendor\\laravel\\telescope\\src\\Storage\\DatabaseEntriesRepository.php(164): Laravel\\Telescope\\Storage\\DatabaseEntriesRepository->countExceptionOccurences()
#10 [internal function]: Laravel\\Telescope\\Storage\\DatabaseEntriesRepository->Laravel\\Telescope\\Storage\\{closure}()
#11 C:\\Users\\x\\Desktop\\Folders\\AkilliPhone\\akillipanel\\vendor\\laravel\\framework\\src\\Illuminate\\Collections\\Arr.php(560): array_map()
#12 C:\\Users\\x\\Desktop\\Folders\\AkilliPhone\\akillipanel\\vendor\\laravel\\framework\\src\\Illuminate\\Collections\\Collection.php(719): Illuminate\\Support\\Arr::map()
#13 C:\\Users\\x\\Desktop\\Folders\\AkilliPhone\\akillipanel\\vendor\\laravel\\telescope\\src\\Storage\\DatabaseEntriesRepository.php(177): Illuminate\\Support\\Collection->map()
#14 C:\\Users\\x\\Desktop\\Folders\\AkilliPhone\\akillipanel\\vendor\\laravel\\framework\\src\\Illuminate\\Collections\\Traits\\EnumeratesValues.php(262): Laravel\\Telescope\\Storage\\DatabaseEntriesRepository->Laravel\\Telescope\\Storage\\{closure}()
#15 C:\\Users\\x\\Desktop\\Folders\\AkilliPhone\\akillipanel\\vendor\\laravel\\telescope\\src\\Storage\\DatabaseEntriesRepository.php(178): Illuminate\\Support\\Collection->each()
#16 C:\\Users\\x\\Desktop\\Folders\\AkilliPhone\\akillipanel\\vendor\\laravel\\telescope\\src\\Storage\\DatabaseEntriesRepository.php(139): Laravel\\Telescope\\Storage\\DatabaseEntriesRepository->storeExceptions()
#17 C:\\Users\\x\\Desktop\\Folders\\AkilliPhone\\akillipanel\\vendor\\laravel\\telescope\\src\\Telescope.php(663): Laravel\\Telescope\\Storage\\DatabaseEntriesRepository->store()
#18 [internal function]: Laravel\\Telescope\\Telescope::Laravel\\Telescope\\{closure}()
#19 C:\\Users\\x\\Desktop\\Folders\\AkilliPhone\\akillipanel\\vendor\\laravel\\telescope\\src\\Telescope.php(284): call_user_func()
#20 C:\\Users\\x\\Desktop\\Folders\\AkilliPhone\\akillipanel\\vendor\\laravel\\telescope\\src\\Telescope.php(674): Laravel\\Telescope\\Telescope::withoutRecording()
#21 C:\\Users\\x\\Desktop\\Folders\\AkilliPhone\\akillipanel\\vendor\\laravel\\telescope\\src\\ListensForStorageOpportunities.php(65): Laravel\\Telescope\\Telescope::store()
#22 C:\\Users\\x\\Desktop\\Folders\\AkilliPhone\\akillipanel\\vendor\\laravel\\framework\\src\\Illuminate\\Container\\BoundMethod.php(36): Laravel\\Telescope\\Telescope::Laravel\\Telescope\\{closure}()
#23 C:\\Users\\x\\Desktop\\Folders\\AkilliPhone\\akillipanel\\vendor\\laravel\\framework\\src\\Illuminate\\Container\\Util.php(41): Illuminate\\Container\\BoundMethod::Illuminate\\Container\\{closure}()
#24 C:\\Users\\x\\Desktop\\Folders\\AkilliPhone\\akillipanel\\vendor\\laravel\\framework\\src\\Illuminate\\Container\\BoundMethod.php(81): Illuminate\\Container\\Util::unwrapIfClosure()
#25 C:\\Users\\x\\Desktop\\Folders\\AkilliPhone\\akillipanel\\vendor\\laravel\\framework\\src\\Illuminate\\Container\\BoundMethod.php(37): Illuminate\\Container\\BoundMethod::callBoundMethod()
#26 C:\\Users\\x\\Desktop\\Folders\\AkilliPhone\\akillipanel\\vendor\\laravel\\framework\\src\\Illuminate\\Container\\Container.php(651): Illuminate\\Container\\BoundMethod::call()
#27 C:\\Users\\x\\Desktop\\Folders\\AkilliPhone\\akillipanel\\vendor\\laravel\\framework\\src\\Illuminate\\Foundation\\Application.php(1174): Illuminate\\Container\\Container->call()
#28 C:\\Users\\x\\Desktop\\Folders\\AkilliPhone\\akillipanel\\vendor\\laravel\\framework\\src\\Illuminate\\Foundation\\Http\\Kernel.php(182): Illuminate\\Foundation\\Application->terminate()
#29 C:\\Users\\x\\Desktop\\Folders\\AkilliPhone\\akillipanel\\public\\index.php(55): Illuminate\\Foundation\\Http\\Kernel->terminate()
#30 C:\\Users\\x\\Desktop\\Folders\\AkilliPhone\\akillipanel\\vendor\\laravel\\framework\\src\\Illuminate\\Foundation\\resources\\server.php(16): require_once('...')
#31 {main}

[previous exception] [object] (PDOException(code: 42S02): SQLSTATE[42S02]: Base table or view not found: 1146 Table 'new_dashboard.telescope_entries' doesn't exist at C:\\Users\\x\\Desktop\\Folders\\AkilliPhone\\akillipanel\\vendor\\laravel\\framework\\src\\Illuminate\\Database\\Connection.php:413)
[stacktrace]
#0 C:\\Users\\x\\Desktop\\Folders\\AkilliPhone\\akillipanel\\vendor\\laravel\\framework\\src\\Illuminate\\Database\\Connection.php(413): PDO->prepare()
#1 C:\\Users\\x\\Desktop\\Folders\\AkilliPhone\\akillipanel\\vendor\\laravel\\framework\\src\\Illuminate\\Database\\Connection.php(752): Illuminate\\Database\\Connection->Illuminate\\Database\\{closure}()
#2 C:\\Users\\x\\Desktop\\Folders\\AkilliPhone\\akillipanel\\vendor\\laravel\\framework\\src\\Illuminate\\Database\\Connection.php(719): Illuminate\\Database\\Connection->runQueryCallback()
#3 C:\\Users\\x\\Desktop\\Folders\\AkilliPhone\\akillipanel\\vendor\\laravel\\framework\\src\\Illuminate\\Database\\Connection.php(421): Illuminate\\Database\\Connection->run()
#4 C:\\Users\\x\\Desktop\\Folders\\AkilliPhone\\akillipanel\\vendor\\laravel\\framework\\src\\Illuminate\\Database\\Query\\Builder.php(2630): Illuminate\\Database\\Connection->select()
#5 C:\\Users\\x\\Desktop\\Folders\\AkilliPhone\\akillipanel\\vendor\\laravel\\framework\\src\\Illuminate\\Database\\Query\\Builder.php(2618): Illuminate\\Database\\Query\\Builder->runSelect()
#6 C:\\Users\\x\\Desktop\\Folders\\AkilliPhone\\akillipanel\\vendor\\laravel\\framework\\src\\Illuminate\\Database\\Query\\Builder.php(3154): Illuminate\\Database\\Query\\Builder->Illuminate\\Database\\Query\\{closure}()
#7 C:\\Users\\x\\Desktop\\Folders\\AkilliPhone\\akillipanel\\vendor\\laravel\\framework\\src\\Illuminate\\Database\\Query\\Builder.php(2619): Illuminate\\Database\\Query\\Builder->onceWithColumns()
#8 C:\\Users\\x\\Desktop\\Folders\\AkilliPhone\\akillipanel\\vendor\\laravel\\framework\\src\\Illuminate\\Database\\Query\\Builder.php(3081): Illuminate\\Database\\Query\\Builder->get()
#9 C:\\Users\\x\\Desktop\\Folders\\AkilliPhone\\akillipanel\\vendor\\laravel\\framework\\src\\Illuminate\\Database\\Query\\Builder.php(3009): Illuminate\\Database\\Query\\Builder->aggregate()
#10 C:\\Users\\x\\Desktop\\Folders\\AkilliPhone\\akillipanel\\vendor\\laravel\\telescope\\src\\Storage\\DatabaseEntriesRepository.php(122): Illuminate\\Database\\Query\\Builder->count()
#11 C:\\Users\\x\\Desktop\\Folders\\AkilliPhone\\akillipanel\\vendor\\laravel\\telescope\\src\\Storage\\DatabaseEntriesRepository.php(164): Laravel\\Telescope\\Storage\\DatabaseEntriesRepository->countExceptionOccurences()
#12 [internal function]: Laravel\\Telescope\\Storage\\DatabaseEntriesRepository->Laravel\\Telescope\\Storage\\{closure}()
#13 C:\\Users\\x\\Desktop\\Folders\\AkilliPhone\\akillipanel\\vendor\\laravel\\framework\\src\\Illuminate\\Collections\\Arr.php(560): array_map()
#14 C:\\Users\\x\\Desktop\\Folders\\AkilliPhone\\akillipanel\\vendor\\laravel\\framework\\src\\Illuminate\\Collections\\Collection.php(719): Illuminate\\Support\\Arr::map()
#15 C:\\Users\\x\\Desktop\\Folders\\AkilliPhone\\akillipanel\\vendor\\laravel\\telescope\\src\\Storage\\DatabaseEntriesRepository.php(177): Illuminate\\Support\\Collection->map()
#16 C:\\Users\\x\\Desktop\\Folders\\AkilliPhone\\akillipanel\\vendor\\laravel\\framework\\src\\Illuminate\\Collections\\Traits\\EnumeratesValues.php(262): Laravel\\Telescope\\Storage\\DatabaseEntriesRepository->Laravel\\Telescope\\Storage\\{closure}()
#17 C:\\Users\\x\\Desktop\\Folders\\AkilliPhone\\akillipanel\\vendor\\laravel\\telescope\\src\\Storage\\DatabaseEntriesRepository.php(178): Illuminate\\Support\\Collection->each()
#18 C:\\Users\\x\\Desktop\\Folders\\AkilliPhone\\akillipanel\\vendor\\laravel\\telescope\\src\\Storage\\DatabaseEntriesRepository.php(139): Laravel\\Telescope\\Storage\\DatabaseEntriesRepository->storeExceptions()
#19 C:\\Users\\x\\Desktop\\Folders\\AkilliPhone\\akillipanel\\vendor\\laravel\\telescope\\src\\Telescope.php(663): Laravel\\Telescope\\Storage\\DatabaseEntriesRepository->store()
#20 [internal function]: Laravel\\Telescope\\Telescope::Laravel\\Telescope\\{closure}()
#21 C:\\Users\\x\\Desktop\\Folders\\AkilliPhone\\akillipanel\\vendor\\laravel\\telescope\\src\\Telescope.php(284): call_user_func()
#22 C:\\Users\\x\\Desktop\\Folders\\AkilliPhone\\akillipanel\\vendor\\laravel\\telescope\\src\\Telescope.php(674): Laravel\\Telescope\\Telescope::withoutRecording()
#23 C:\\Users\\x\\Desktop\\Folders\\AkilliPhone\\akillipanel\\vendor\\laravel\\telescope\\src\\ListensForStorageOpportunities.php(65): Laravel\\Telescope\\Telescope::store()
#24 C:\\Users\\x\\Desktop\\Folders\\AkilliPhone\\akillipanel\\vendor\\laravel\\framework\\src\\Illuminate\\Container\\BoundMethod.php(36): Laravel\\Telescope\\Telescope::Laravel\\Telescope\\{closure}()
#25 C:\\Users\\x\\Desktop\\Folders\\AkilliPhone\\akillipanel\\vendor\\laravel\\framework\\src\\Illuminate\\Container\\Util.php(41): Illuminate\\Container\\BoundMethod::Illuminate\\Container\\{closure}()
#26 C:\\Users\\x\\Desktop\\Folders\\AkilliPhone\\akillipanel\\vendor\\laravel\\framework\\src\\Illuminate\\Container\\BoundMethod.php(81): Illuminate\\Container\\Util::unwrapIfClosure()
#27 C:\\Users\\x\\Desktop\\Folders\\AkilliPhone\\akillipanel\\vendor\\laravel\\framework\\src\\Illuminate\\Container\\BoundMethod.php(37): Illuminate\\Container\\BoundMethod::callBoundMethod()
#28 C:\\Users\\x\\Desktop\\Folders\\AkilliPhone\\akillipanel\\vendor\\laravel\\framework\\src\\Illuminate\\Container\\Container.php(651): Illuminate\\Container\\BoundMethod::call()
#29 C:\\Users\\x\\Desktop\\Folders\\AkilliPhone\\akillipanel\\vendor\\laravel\\framework\\src\\Illuminate\\Foundation\\Application.php(1174): Illuminate\\Container\\Container->call()
#30 C:\\Users\\x\\Desktop\\Folders\\AkilliPhone\\akillipanel\\vendor\\laravel\\framework\\src\\Illuminate\\Foundation\\Http\\Kernel.php(182): Illuminate\\Foundation\\Application->terminate()
#31 C:\\Users\\x\\Desktop\\Folders\\AkilliPhone\\akillipanel\\public\\index.php(55): Illuminate\\Foundation\\Http\\Kernel->terminate()
#32 C:\\Users\\x\\Desktop\\Folders\\AkilliPhone\\akillipanel\\vendor\\laravel\\framework\\src\\Illuminate\\Foundation\\resources\\server.php(16): require_once('...')
#33 {main}
"} 
